{"level":"INFO","time":"2024-07-30T14:41:37.125+0800","caller":"user/user.go:40","msg":"短信平台调用成功，发送短信"}
{"level":"DEBUG","time":"2024-07-30T14:41:37.127+0800","caller":"user/user.go:41","msg":"test 短信平台调用成功，发送短信"}
{"level":"ERROR","time":"2024-07-30T14:41:37.127+0800","caller":"user/user.go:42","msg":"test : 短信平台调用失败，发送短信"}
{"level":"INFO","time":"2024-07-30T14:47:17.349+0800","caller":"user/user.go:40","msg":"短信平台调用成功，发送短信"}
{"level":"DEBUG","time":"2024-07-30T14:47:17.350+0800","caller":"user/user.go:41","msg":"test 短信平台调用成功，发送短信"}
{"level":"ERROR","time":"2024-07-30T14:47:17.350+0800","caller":"user/user.go:42","msg":"test : 短信平台调用失败，发送短信"}
{"level":"INFO","time":"2024-07-30T14:52:01.275+0800","caller":"user/user.go:40","msg":"短信平台调用成功，发送短信"}
{"level":"DEBUG","time":"2024-07-30T14:52:01.276+0800","caller":"user/user.go:41","msg":"test 短信平台调用成功，发送短信"}
{"level":"ERROR","time":"2024-07-30T14:52:01.276+0800","caller":"user/user.go:42","msg":"test : 短信平台调用失败，发送短信"}
{"level":"INFO","time":"2024-07-30T14:52:27.303+0800","caller":"user/user.go:40","msg":"短信平台调用成功，发送短信"}
{"level":"DEBUG","time":"2024-07-30T14:52:27.304+0800","caller":"user/user.go:41","msg":"test 短信平台调用成功，发送短信"}
{"level":"ERROR","time":"2024-07-30T14:52:27.304+0800","caller":"user/user.go:42","msg":"test : 短信平台调用失败，发送短信"}
{"level":"INFO","time":"2024-07-30T14:53:12.841+0800","caller":"user/user.go:40","msg":"短信平台调用成功，发送短信"}
{"level":"DEBUG","time":"2024-07-30T14:53:12.841+0800","caller":"user/user.go:41","msg":"test 短信平台调用成功，发送短信"}
{"level":"ERROR","time":"2024-07-30T14:53:12.841+0800","caller":"user/user.go:42","msg":"test : 短信平台调用失败，发送短信"}
{"level":"INFO","time":"2024-07-30T16:06:02.358+0800","caller":"user/user.go:40","msg":"短信平台调用成功，发送短信"}
{"level":"DEBUG","time":"2024-07-30T16:06:02.359+0800","caller":"user/user.go:41","msg":"test 短信平台调用成功，发送短信"}
{"level":"ERROR","time":"2024-07-30T16:06:02.360+0800","caller":"user/user.go:42","msg":"test : 短信平台调用失败，发送短信"}
{"level":"INFO","time":"2024-07-31T16:03:16.501+0800","caller":"login.service.v1/login_service.go:38","msg":"短信平台调用成功，发送短信"}
{"level":"INFO","time":"2024-07-31T16:45:29.835+0800","caller":"login.service.v1/login_service.go:38","msg":"短信平台调用成功，发送短信"}
{"level":"INFO","time":"2024-07-31T19:37:18.163+0800","caller":"login.service.v1/login_service.go:38","msg":"短信平台调用成功，发送短信"}
{"level":"INFO","time":"2024-07-31T19:57:55.618+0800","caller":"login.service.v1/login_service.go:39","msg":"短信平台调用成功，发送短信"}
{"level":"INFO","time":"2024-08-01T11:37:16.002+0800","caller":"login.service.v1/login_service.go:39","msg":"短信平台调用成功，发送短信"}
{"level":"INFO","time":"2024-08-01T13:26:22.310+0800","caller":"login.service.v1/login_service.go:39","msg":"短信平台调用成功，发送短信"}
{"level":"INFO","time":"2024-08-01T14:25:01.472+0800","caller":"login.service.v1/login_service.go:39","msg":"短信平台调用成功，发送短信"}
{"level":"ERROR","time":"2024-08-04T15:17:29.586+0800","caller":"discovery/resolver.go:104","msg":"sync failed","error":"context deadline exceeded"}
{"level":"ERROR","time":"2024-08-04T17:08:44.968+0800","caller":"login.service.v1/login_service.go:66","msg":"从redis中获取验证码出错：","error":"redis: nil"}
{"level":"ERROR","time":"2024-08-04T17:12:57.763+0800","caller":"login.service.v1/login_service.go:66","msg":"从redis中获取验证码出错：","error":"redis: nil"}
{"level":"ERROR","time":"2024-08-04T17:12:57.788+0800","caller":"discovery/discovery.go:118","msg":"register failed","error":"etcdserver: requested lease not found"}
{"level":"INFO","time":"2024-08-04T17:13:03.628+0800","caller":"login.service.v1/login_service.go:42","msg":"短信平台调用成功，发送短信"}
{"level":"INFO","time":"2024-08-04T17:46:19.139+0800","caller":"login.service.v1/login_service.go:47","msg":"短信平台调用成功，发送短信"}
{"level":"ERROR","time":"2024-08-04T17:51:35.946+0800","caller":"login.service.v1/login_service.go:71","msg":"从redis中获取验证码出错：","error":"redis: nil"}
{"level":"INFO","time":"2024-08-04T20:12:07.351+0800","caller":"login.service.v1/login_service.go:53","msg":"短信平台调用成功，发送短信"}
{"level":"ERROR","time":"2024-08-04T20:12:18.920+0800","caller":"login.service.v1/login_service.go:141","msg":"register SaveOrganization db err","error":"Error 1406 (22001): Data too long for column 'avatar' at row 1"}
{"level":"INFO","time":"2024-08-04T20:13:14.035+0800","caller":"login.service.v1/login_service.go:53","msg":"短信平台调用成功，发送短信"}
{"level":"ERROR","time":"2024-08-04T20:13:14.673+0800","caller":"login.service.v1/login_service.go:128","msg":"Register DB  save member error, ","error":"sql: transaction has already been committed or rolled back"}
{"level":"ERROR","time":"2024-08-04T20:27:35.236+0800","caller":"login.service.v1/login_service.go:89","msg":"Register DB error, ","error":"sql: transaction has already been committed or rolled back"}
{"level":"INFO","time":"2024-08-04T20:29:53.697+0800","caller":"login.service.v1/login_service.go:53","msg":"短信平台调用成功，发送短信"}
{"level":"INFO","time":"2024-08-05T15:47:13.938+0800","caller":"login.service.v1/login_service.go:54","msg":"短信平台调用成功，发送短信"}
{"level":"ERROR","time":"2024-08-05T15:47:26.612+0800","caller":"login.service.v1/login_service.go:158","msg":"Login DB error, ","error":"invalid value, should be pointer to struct or slice"}
{"level":"INFO","time":"2024-08-05T17:23:57.039+0800","caller":"login.service.v1/login_service.go:57","msg":"短信平台调用成功，发送短信"}
{"level":"ERROR","time":"2024-08-06T15:11:47.311+0800","caller":"login.service.v1/login_service.go:216","msg":"TokenVerify ParseToken err","error":"token contains an invalid number of segments"}
{"level":"ERROR","time":"2024-08-06T15:11:59.562+0800","caller":"login.service.v1/login_service.go:216","msg":"TokenVerify ParseToken err","error":"token contains an invalid number of segments"}
{"level":"ERROR","time":"2024-08-06T15:15:55.648+0800","caller":"login.service.v1/login_service.go:216","msg":"TokenVerify ParseToken err","error":"tokenstring should not contain 'bearer '"}
{"level":"ERROR","time":"2024-08-06T15:17:00.541+0800","caller":"login.service.v1/login_service.go:216","msg":"TokenVerify ParseToken err","error":"tokenstring should not contain 'bearer '"}
{"level":"ERROR","time":"2024-08-06T15:17:19.068+0800","caller":"login.service.v1/login_service.go:216","msg":"TokenVerify ParseToken err","error":"tokenstring should not contain 'bearer '"}
{"level":"ERROR","time":"2024-08-06T15:17:21.378+0800","caller":"login.service.v1/login_service.go:216","msg":"TokenVerify ParseToken err","error":"tokenstring should not contain 'bearer '"}
{"level":"ERROR","time":"2024-08-12T16:14:37.865+0800","caller":"project.service.v1/project_service.go:54","msg":"project FindProjectByMemId DB error, ","error":"context canceled"}
{"level":"ERROR","time":"2024-08-12T16:14:37.866+0800","caller":"discovery/discovery.go:118","msg":"register failed","error":"context deadline exceeded"}
{"level":"ERROR","time":"2024-08-13T16:58:16.488+0800","caller":"project.service.v1/project_service.go:76","msg":"project FindProjectByMemId DB error, ","error":"Error 1305 (42000): FUNCTION msproject.s does not exist"}
{"level":"ERROR","time":"2024-08-13T16:58:35.621+0800","caller":"project.service.v1/project_service.go:76","msg":"project FindProjectByMemId DB error, ","error":"Error 1305 (42000): FUNCTION msproject.s does not exist"}
{"level":"ERROR","time":"2024-08-13T16:58:37.895+0800","caller":"project.service.v1/project_service.go:76","msg":"project FindProjectByMemId DB error, ","error":"Error 1054 (42S22): Unknown column 'deleted' in 'where clause'"}
{"level":"ERROR","time":"2024-08-13T16:58:39.564+0800","caller":"project.service.v1/project_service.go:76","msg":"project FindProjectByMemId DB error, ","error":"Error 1305 (42000): FUNCTION msproject.s does not exist"}
{"level":"ERROR","time":"2024-08-13T16:58:40.540+0800","caller":"project.service.v1/project_service.go:76","msg":"project FindProjectByMemId DB error, ","error":"Error 1054 (42S22): Unknown column 'deleted' in 'where clause'"}
{"level":"ERROR","time":"2024-08-13T16:59:03.562+0800","caller":"project.service.v1/project_service.go:76","msg":"project FindProjectByMemId DB error, ","error":"Error 1305 (42000): FUNCTION msproject.s does not exist"}
{"level":"ERROR","time":"2024-08-13T17:02:42.982+0800","caller":"discovery/discovery.go:118","msg":"register failed","error":"context deadline exceeded"}
{"level":"ERROR","time":"2024-08-13T17:04:26.869+0800","caller":"project.service.v1/project_service.go:76","msg":"project FindProjectByMemId DB error, ","error":"context deadline exceeded"}
{"level":"ERROR","time":"2024-08-13T17:04:50.776+0800","caller":"project.service.v1/project_service.go:76","msg":"project FindProjectByMemId DB error, ","error":"Error 1305 (42000): FUNCTION msproject.s does not exist"}
{"level":"ERROR","time":"2024-08-13T17:06:21.466+0800","caller":"discovery/discovery.go:118","msg":"register failed","error":"context deadline exceeded"}
{"level":"ERROR","time":"2024-08-13T17:12:48.487+0800","caller":"project.service.v1/project_service.go:76","msg":"project FindProjectByMemId DB error, ","error":"context deadline exceeded"}
{"level":"ERROR","time":"2024-08-13T17:17:08.364+0800","caller":"project.service.v1/project_service.go:76","msg":"project FindProjectByMemId DB error, ","error":"context deadline exceeded"}
{"level":"ERROR","time":"2024-08-13T17:17:08.364+0800","caller":"discovery/discovery.go:118","msg":"register failed","error":"context deadline exceeded"}
{"level":"ERROR","time":"2024-08-13T17:17:43.883+0800","caller":"project.service.v1/project_service.go:76","msg":"project FindProjectByMemId DB error, ","error":"Error 1305 (42000): FUNCTION msproject.s does not exist"}
{"level":"ERROR","time":"2024-08-13T17:17:53.905+0800","caller":"project.service.v1/project_service.go:76","msg":"project FindProjectByMemId DB error, ","error":"Error 1054 (42S22): Unknown column 'deleted' in 'where clause'"}
{"level":"ERROR","time":"2024-08-13T17:21:14.623+0800","caller":"project.service.v1/project_service.go:76","msg":"project FindProjectByMemId DB error, ","error":"context deadline exceeded"}
{"level":"ERROR","time":"2024-08-13T17:25:19.804+0800","caller":"discovery/discovery.go:118","msg":"register failed","error":"context deadline exceeded"}
{"level":"ERROR","time":"2024-08-13T17:25:19.804+0800","caller":"project.service.v1/project_service.go:76","msg":"project FindProjectByMemId DB error, ","error":"context deadline exceeded"}
{"level":"ERROR","time":"2024-08-13T17:26:12.229+0800","caller":"project.service.v1/project_service.go:76","msg":"project FindProjectByMemId DB error, ","error":"context deadline exceeded"}
{"level":"ERROR","time":"2024-08-13T17:26:12.241+0800","caller":"discovery/discovery.go:118","msg":"register failed","error":"etcdserver: requested lease not found"}
{"level":"ERROR","time":"2024-08-13T17:32:31.328+0800","caller":"project.service.v1/project_service.go:76","msg":"project FindProjectByMemId DB error, ","error":"Error 1305 (42000): FUNCTION msproject.s does not exist"}
{"level":"ERROR","time":"2024-08-13T17:34:20.133+0800","caller":"project.service.v1/project_service.go:76","msg":"project FindProjectByMemId DB error, ","error":"context deadline exceeded"}
{"level":"ERROR","time":"2024-08-13T17:33:03.760+0800","caller":"discovery/discovery.go:118","msg":"register failed","error":"context deadline exceeded"}
{"level":"ERROR","time":"2024-08-13T17:34:22.593+0800","caller":"project.service.v1/project_service.go:76","msg":"project FindProjectByMemId DB error, ","error":"Error 1305 (42000): FUNCTION msproject.s does not exist"}
{"level":"ERROR","time":"2024-08-13T17:34:34.459+0800","caller":"project.service.v1/project_service.go:76","msg":"project FindProjectByMemId DB error, ","error":"Error 1305 (42000): FUNCTION msproject.s does not exist"}
{"level":"ERROR","time":"2024-08-13T17:34:49.265+0800","caller":"project.service.v1/project_service.go:76","msg":"project FindProjectByMemId DB error, ","error":"Error 1305 (42000): FUNCTION msproject.s does not exist"}
{"level":"ERROR","time":"2024-08-13T17:37:37.850+0800","caller":"project.service.v1/project_service.go:76","msg":"project FindProjectByMemId DB error, ","error":"context deadline exceeded"}
{"level":"ERROR","time":"2024-08-13T17:37:37.850+0800","caller":"discovery/discovery.go:118","msg":"register failed","error":"context deadline exceeded"}
