{"level":"INFO","time":"2024-07-30T16:06:02.358+0800","caller":"user/user.go:40","msg":"短信平台调用成功，发送短信"}
{"level":"ERROR","time":"2024-07-30T16:06:02.360+0800","caller":"user/user.go:42","msg":"test : 短信平台调用失败，发送短信"}
{"level":"INFO","time":"2024-07-31T16:03:16.501+0800","caller":"login.service.v1/login_service.go:38","msg":"短信平台调用成功，发送短信"}
{"level":"INFO","time":"2024-07-31T16:45:29.835+0800","caller":"login.service.v1/login_service.go:38","msg":"短信平台调用成功，发送短信"}
{"level":"INFO","time":"2024-07-31T19:37:18.163+0800","caller":"login.service.v1/login_service.go:38","msg":"短信平台调用成功，发送短信"}
{"level":"INFO","time":"2024-07-31T19:57:55.618+0800","caller":"login.service.v1/login_service.go:39","msg":"短信平台调用成功，发送短信"}
{"level":"INFO","time":"2024-08-01T11:37:16.002+0800","caller":"login.service.v1/login_service.go:39","msg":"短信平台调用成功，发送短信"}
{"level":"INFO","time":"2024-08-01T13:26:22.310+0800","caller":"login.service.v1/login_service.go:39","msg":"短信平台调用成功，发送短信"}
{"level":"INFO","time":"2024-08-01T14:25:01.472+0800","caller":"login.service.v1/login_service.go:39","msg":"短信平台调用成功，发送短信"}
{"level":"ERROR","time":"2024-08-04T15:17:29.586+0800","caller":"discovery/resolver.go:104","msg":"sync failed","error":"context deadline exceeded"}
{"level":"ERROR","time":"2024-08-04T17:08:44.968+0800","caller":"login.service.v1/login_service.go:66","msg":"从redis中获取验证码出错：","error":"redis: nil"}
{"level":"ERROR","time":"2024-08-04T17:12:57.763+0800","caller":"login.service.v1/login_service.go:66","msg":"从redis中获取验证码出错：","error":"redis: nil"}
{"level":"ERROR","time":"2024-08-04T17:12:57.788+0800","caller":"discovery/discovery.go:118","msg":"register failed","error":"etcdserver: requested lease not found"}
{"level":"INFO","time":"2024-08-04T17:13:03.628+0800","caller":"login.service.v1/login_service.go:42","msg":"短信平台调用成功，发送短信"}
{"level":"INFO","time":"2024-08-04T17:46:19.139+0800","caller":"login.service.v1/login_service.go:47","msg":"短信平台调用成功，发送短信"}
{"level":"ERROR","time":"2024-08-04T17:51:35.946+0800","caller":"login.service.v1/login_service.go:71","msg":"从redis中获取验证码出错：","error":"redis: nil"}
{"level":"INFO","time":"2024-08-04T20:12:07.351+0800","caller":"login.service.v1/login_service.go:53","msg":"短信平台调用成功，发送短信"}
{"level":"ERROR","time":"2024-08-04T20:12:18.920+0800","caller":"login.service.v1/login_service.go:141","msg":"register SaveOrganization db err","error":"Error 1406 (22001): Data too long for column 'avatar' at row 1"}
{"level":"INFO","time":"2024-08-04T20:13:14.035+0800","caller":"login.service.v1/login_service.go:53","msg":"短信平台调用成功，发送短信"}
{"level":"ERROR","time":"2024-08-04T20:13:14.673+0800","caller":"login.service.v1/login_service.go:128","msg":"Register DB  save member error, ","error":"sql: transaction has already been committed or rolled back"}
{"level":"ERROR","time":"2024-08-04T20:27:35.236+0800","caller":"login.service.v1/login_service.go:89","msg":"Register DB error, ","error":"sql: transaction has already been committed or rolled back"}
{"level":"INFO","time":"2024-08-04T20:29:53.697+0800","caller":"login.service.v1/login_service.go:53","msg":"短信平台调用成功，发送短信"}
{"level":"INFO","time":"2024-08-05T15:47:13.938+0800","caller":"login.service.v1/login_service.go:54","msg":"短信平台调用成功，发送短信"}
{"level":"ERROR","time":"2024-08-05T15:47:26.612+0800","caller":"login.service.v1/login_service.go:158","msg":"Login DB error, ","error":"invalid value, should be pointer to struct or slice"}
{"level":"INFO","time":"2024-08-05T17:23:57.039+0800","caller":"login.service.v1/login_service.go:57","msg":"短信平台调用成功，发送短信"}
{"level":"ERROR","time":"2024-08-06T15:11:47.311+0800","caller":"login.service.v1/login_service.go:216","msg":"TokenVerify ParseToken err","error":"token contains an invalid number of segments"}
{"level":"ERROR","time":"2024-08-06T15:11:59.562+0800","caller":"login.service.v1/login_service.go:216","msg":"TokenVerify ParseToken err","error":"token contains an invalid number of segments"}
{"level":"ERROR","time":"2024-08-06T15:15:55.648+0800","caller":"login.service.v1/login_service.go:216","msg":"TokenVerify ParseToken err","error":"tokenstring should not contain 'bearer '"}
{"level":"ERROR","time":"2024-08-06T15:17:00.541+0800","caller":"login.service.v1/login_service.go:216","msg":"TokenVerify ParseToken err","error":"tokenstring should not contain 'bearer '"}
{"level":"ERROR","time":"2024-08-06T15:17:19.068+0800","caller":"login.service.v1/login_service.go:216","msg":"TokenVerify ParseToken err","error":"tokenstring should not contain 'bearer '"}
{"level":"ERROR","time":"2024-08-06T15:17:21.378+0800","caller":"login.service.v1/login_service.go:216","msg":"TokenVerify ParseToken err","error":"tokenstring should not contain 'bearer '"}
{"level":"ERROR","time":"2024-08-12T16:14:37.865+0800","caller":"project.service.v1/project_service.go:54","msg":"project FindProjectByMemId DB error, ","error":"context canceled"}
{"level":"ERROR","time":"2024-08-12T16:14:37.866+0800","caller":"discovery/discovery.go:118","msg":"register failed","error":"context deadline exceeded"}
